<?xml version="1.0" encoding="UTF-8"?>
<!-- Generated by org.testng.reporters.JUnitXMLReporter -->
<testsuite ignored="0" hostname="LAPTOP-OFVKRPE8" failures="0" tests="4" name="Default test" time="63.465" errors="0" timestamp="2025-11-27T19:32:57 IST">
  <testcase classname="SeleniumPracticedCode.BasicDriverOperations" name="findAllBrokenLinksPresent" time="20.856"/>
  <testcase classname="SeleniumPracticedCode.BasicDriverOperations" name="findAllBrokenLinksPresentnew" time="0.015"/>
  <testcase classname="SeleniumPracticedCode.BasicDriverOperations" name="findCountOfProduct" time="3.072"/>
  <testcase classname="SeleniumPracticedCode.BasicDriverOperations" name="testLogoAndTitle" time="0.316"/>
</testsuite> <!-- Default test -->
