<?xml version="1.0" encoding="UTF-8"?>
<testng-results ignored="0" total="1" passed="1" failed="0" skipped="0">
  <reporter-output>
  </reporter-output>
  <suite started-at="2025-09-24T19:44:59 IST" name="Default suite" finished-at="2025-09-24T19:44:59 IST" duration-ms="67">
    <groups>
    </groups>
    <test started-at="2025-09-24T19:44:59 IST" name="Default test" finished-at="2025-09-24T19:44:59 IST" duration-ms="67">
      <class name="JavaCode.FindOddEvenNumber">
        <test-method signature="findOddEven()[pri:0, instance:JavaCode.FindOddEvenNumber@55141def]" started-at="2025-09-24T19:44:59 IST" name="findOddEven" finished-at="2025-09-24T19:44:59 IST" duration-ms="13" status="PASS">
          <reporter-output>
          </reporter-output>
        </test-method> <!-- findOddEven -->
      </class> <!-- JavaCode.FindOddEvenNumber -->
    </test> <!-- Default test -->
  </suite> <!-- Default suite -->
</testng-results>
