<?xml version="1.0" encoding="UTF-8"?>
<!-- Generated by org.testng.reporters.JUnitReportReporter -->
<testsuite hostname="LAPTOP-OFVKRPE8" failures="0" tests="4" name="SeleniumPracticedCode.BasicDriverOperations" time="63.305" errors="0" timestamp="2025-11-27T19:32:57 IST" skipped="0">
  <testcase classname="SeleniumPracticedCode.BasicDriverOperations" name="findCountOfProduct" time="8.965"/>
  <testcase classname="SeleniumPracticedCode.BasicDriverOperations" name="testLogoAndTitle" time="7.959"/>
  <testcase classname="SeleniumPracticedCode.BasicDriverOperations" name="findAllBrokenLinksPresentnew" time="6.675"/>
  <testcase classname="SeleniumPracticedCode.BasicDriverOperations" name="findAllBrokenLinksPresent" time="39.706"/>
</testsuite> <!-- SeleniumPracticedCode.BasicDriverOperations -->
